This file contains any messages produced by compilers while
running configure, to aid debugging if configure makes a mistake.

It was created by esco configure 0.513, which was
generated by GNU Autoconf 2.69.  Invocation command line was

  $ ./configure 

## --------- ##
## Platform. ##
## --------- ##

hostname = Matts-iMac.local
uname -m = x86_64
uname -r = 14.5.0
uname -s = Darwin
uname -v = Darwin Kernel Version 14.5.0: Tue Sep  1 21:23:09 PDT 2015; root:xnu-2782.50.1~1/RELEASE_X86_64

/usr/bin/uname -p = i386
/bin/uname -X     = unknown

/bin/arch              = unknown
/usr/bin/arch -k       = unknown
/usr/convex/getsysinfo = unknown
/usr/bin/hostinfo      = Mach kernel version:
	 Darwin Kernel Version 14.5.0: Tue Sep  1 21:23:09 PDT 2015; root:xnu-2782.50.1~1/RELEASE_X86_64
Kernel configured for up to 8 processors.
4 processors are physically available.
8 processors are logically available.
Processor type: i486 (Intel 80486)
Processors active: 0 1 2 3 4 5 6 7
Primary memory available: 16.00 gigabytes
Default processor set: 263 tasks, 1167 threads, 8 processors
Load average: 1.32, Mach factor: 6.67
/bin/machine           = unknown
/usr/bin/oslevel       = unknown
/bin/universe          = unknown

PATH: /Users/matt/.rvm/gems/ruby-2.0.0-p0/bin
PATH: /Users/matt/.rvm/gems/ruby-2.0.0-p0@global/bin
PATH: /Users/matt/.rvm/rubies/ruby-2.0.0-p0/bin
PATH: /Users/matt/.rvm/bin
PATH: /Users/matt/perl5/perlbrew/bin
PATH: /Users/matt/perl5/perlbrew/perls/perl-5.20.2/bin
PATH: /usr/local/bin
PATH: /usr/bin
PATH: /bin
PATH: /usr/sbin
PATH: /sbin
PATH: /opt/X11/bin


## ----------- ##
## Core tests. ##
## ----------- ##

configure:2455: checking for a BSD-compatible install
configure:2523: result: /usr/local/bin/ginstall -c
configure:2534: checking whether build environment is sane
configure:2571: result: yes
configure:2698: checking for a thread-safe mkdir -p
configure:2737: result: /usr/local/bin/gmkdir -p
configure:2750: checking for gawk
configure:2766: found /usr/local/bin/gawk
configure:2777: result: gawk
configure:2788: checking whether make sets $(MAKE)
configure:2810: result: yes
configure:2986: checking build system type
configure:3000: result: x86_64-apple-darwin14.5.0
configure:3020: checking host system type
configure:3033: result: x86_64-apple-darwin14.5.0
configure:3074: checking how to print strings
configure:3101: result: printf
configure:3134: checking for style of include used by make
configure:3162: result: GNU
configure:3232: checking for gcc
configure:3248: found /usr/bin/gcc
configure:3259: result: gcc
configure:3488: checking for C compiler version
configure:3497: gcc --version >&5
Apple LLVM version 7.0.0 (clang-700.1.76)
Target: x86_64-apple-darwin14.5.0
Thread model: posix
Configured with: --prefix=/Applications/Xcode.app/Contents/Developer/usr --with-gxx-include-dir=/usr/include/c++/4.2.1
configure:3508: $? = 0
configure:3497: gcc -v >&5
Configured with: --prefix=/Applications/Xcode.app/Contents/Developer/usr --with-gxx-include-dir=/usr/include/c++/4.2.1
Apple LLVM version 7.0.0 (clang-700.1.76)
Target: x86_64-apple-darwin14.5.0
Thread model: posix
configure:3508: $? = 0
configure:3497: gcc -V >&5
clang: error: argument to '-V' is missing (expected 1 value)
clang: error: no input files
configure:3508: $? = 1
configure:3497: gcc -qversion >&5
clang: error: unknown argument: '-qversion'
clang: error: no input files
configure:3508: $? = 1
configure:3528: checking whether the C compiler works
configure:3550: gcc    conftest.c  >&5
configure:3554: $? = 0
configure:3602: result: yes
configure:3605: checking for C compiler default output file name
configure:3607: result: a.out
configure:3613: checking for suffix of executables
configure:3620: gcc -o conftest    conftest.c  >&5
configure:3624: $? = 0
configure:3646: result: 
configure:3668: checking whether we are cross compiling
configure:3676: gcc -o conftest    conftest.c  >&5
configure:3680: $? = 0
configure:3687: ./conftest
configure:3691: $? = 0
configure:3706: result: no
configure:3711: checking for suffix of object files
configure:3733: gcc -c   conftest.c >&5
configure:3737: $? = 0
configure:3758: result: o
configure:3762: checking whether we are using the GNU C compiler
configure:3781: gcc -c   conftest.c >&5
configure:3781: $? = 0
configure:3790: result: yes
configure:3799: checking whether gcc accepts -g
configure:3819: gcc -c -g  conftest.c >&5
configure:3819: $? = 0
configure:3860: result: yes
configure:3877: checking for gcc option to accept ISO C89
configure:3940: gcc  -c -g -O2  conftest.c >&5
configure:3940: $? = 0
configure:3953: result: none needed
configure:3975: checking dependency style of gcc
configure:4085: result: gcc3
configure:4102: checking dependency style of gcc
configure:4212: result: gcc3
configure:4227: checking for a sed that does not truncate output
configure:4291: result: /usr/local/bin/gsed
configure:4309: checking for grep that handles long lines and -e
configure:4367: result: /usr/bin/grep
configure:4372: checking for egrep
configure:4434: result: /usr/bin/grep -E
configure:4439: checking for fgrep
configure:4501: result: /usr/bin/grep -F
configure:4536: checking for ld used by gcc
configure:4603: result: /Applications/Xcode.app/Contents/Developer/Toolchains/XcodeDefault.xctoolchain/usr/bin/ld
configure:4610: checking if the linker (/Applications/Xcode.app/Contents/Developer/Toolchains/XcodeDefault.xctoolchain/usr/bin/ld) is GNU ld
configure:4625: result: no
configure:4637: checking for BSD- or MS-compatible name lister (nm)
configure:4686: result: /usr/bin/nm
configure:4816: checking the name lister (/usr/bin/nm) interface
configure:4823: gcc -c -g -O2  conftest.c >&5
configure:4826: /usr/bin/nm "conftest.o"
configure:4829: output
00000000000001f0 S _some_variable
configure:4836: result: BSD nm
configure:4839: checking whether ln -s works
configure:4843: result: yes
configure:4851: checking the maximum length of command line arguments
configure:4976: result: 196608
configure:4993: checking whether the shell understands some XSI constructs
configure:5003: result: yes
configure:5007: checking whether the shell understands "+="
configure:5013: result: yes
configure:5048: checking how to convert x86_64-apple-darwin14.5.0 file names to x86_64-apple-darwin14.5.0 format
configure:5088: result: func_convert_file_noop
configure:5095: checking how to convert x86_64-apple-darwin14.5.0 file names to toolchain format
configure:5115: result: func_convert_file_noop
configure:5122: checking for /Applications/Xcode.app/Contents/Developer/Toolchains/XcodeDefault.xctoolchain/usr/bin/ld option to reload object files
configure:5129: result: -r
configure:5203: checking for objdump
configure:5233: result: no
configure:5262: checking how to recognize dependent libraries
configure:5464: result: pass_all
configure:5549: checking for dlltool
configure:5579: result: no
configure:5609: checking how to associate runtime and link libraries
configure:5636: result: printf %s\n
configure:5697: checking for ar
configure:5713: found /usr/bin/ar
configure:5724: result: ar
configure:5761: checking for archiver @FILE support
configure:5778: gcc -c -g -O2  conftest.c >&5
configure:5778: $? = 0
configure:5781: ar cru libconftest.a @conftest.lst >&5
ar: @conftest.lst: No such file or directory
configure:5784: $? = 1
configure:5804: result: no
configure:5862: checking for strip
configure:5878: found /usr/bin/strip
configure:5889: result: strip
configure:5961: checking for ranlib
configure:5977: found /usr/bin/ranlib
configure:5988: result: ranlib
configure:6090: checking command to parse /usr/bin/nm output from gcc object
configure:6209: gcc -c -g -O2  conftest.c >&5
configure:6212: $? = 0
configure:6216: /usr/bin/nm conftest.o \| sed -n -e 's/^.*[ ]\([BCDEGRST][BCDEGRST]*\)[ ][ ]*\([_A-Za-z][_A-Za-z0-9]*\)$/\1 \2 \2/p' | sed '/ __gnu_lto/d' \> conftest.nm
configure:6219: $? = 0
cannot find nm_test_var in conftest.nm
configure:6209: gcc -c -g -O2  conftest.c >&5
configure:6212: $? = 0
configure:6216: /usr/bin/nm conftest.o \| sed -n -e 's/^.*[ ]\([BCDEGRST][BCDEGRST]*\)[ ][ ]*_\([_A-Za-z][_A-Za-z0-9]*\)$/\1 _\2 \2/p' | sed '/ __gnu_lto/d' \> conftest.nm
configure:6219: $? = 0
configure:6285: gcc -o conftest -g -O2   conftest.c conftstm.o >&5
warning: (x86_64)  could not find object file symbol for symbol _main
configure:6288: $? = 0
configure:6326: result: ok
configure:6363: checking for sysroot
configure:6393: result: no
configure:6636: checking for mt
configure:6666: result: no
configure:6686: checking if : is a manifest tool
configure:6692: : '-?'
configure:6700: result: no
configure:6756: checking for dsymutil
configure:6772: found /usr/bin/dsymutil
configure:6783: result: dsymutil
configure:6848: checking for nmedit
configure:6864: found /usr/bin/nmedit
configure:6875: result: nmedit
configure:6940: checking for lipo
configure:6956: found /usr/bin/lipo
configure:6967: result: lipo
configure:7032: checking for otool
configure:7048: found /usr/bin/otool
configure:7059: result: otool
configure:7124: checking for otool64
configure:7154: result: no
configure:7199: checking for -single_module linker flag
gcc -g -O2  -o libconftest.dylib -dynamiclib -Wl,-single_module conftest.c
configure:7226: result: yes
configure:7228: checking for -exported_symbols_list linker flag
configure:7248: gcc -o conftest -g -O2   -Wl,-exported_symbols_list,conftest.sym conftest.c  >&5
configure:7248: $? = 0
configure:7258: result: yes
configure:7260: checking for -force_load linker flag
gcc -g -O2 -c -o conftest.o conftest.c
ar cru libconftest.a conftest.o
ranlib libconftest.a
gcc -g -O2  -o conftest conftest.c -Wl,-force_load,./libconftest.a
warning: (x86_64)  could not find object file symbol for symbol _forced_loaded
configure:7290: result: no
configure:7332: checking how to run the C preprocessor
configure:7363: gcc -E  conftest.c
configure:7363: $? = 0
configure:7377: gcc -E  conftest.c
conftest.c:13:10: fatal error: 'ac_nonexistent.h' file not found
#include <ac_nonexistent.h>
         ^
1 error generated.
configure:7377: $? = 1
configure: failed program was:
| /* confdefs.h */
| #define PACKAGE_NAME "esco"
| #define PACKAGE_TARNAME "esco"
| #define PACKAGE_VERSION "0.513"
| #define PACKAGE_STRING "esco 0.513"
| #define PACKAGE_BUGREPORT "d3fin3@gmail.com"
| #define PACKAGE_URL ""
| #define PACKAGE "esco"
| #define VERSION "0.513"
| #define PACKAGE "esco"
| #define VERSION "0.513"
| /* end confdefs.h.  */
| #include <ac_nonexistent.h>
configure:7402: result: gcc -E
configure:7422: gcc -E  conftest.c
configure:7422: $? = 0
configure:7436: gcc -E  conftest.c
conftest.c:13:10: fatal error: 'ac_nonexistent.h' file not found
#include <ac_nonexistent.h>
         ^
1 error generated.
configure:7436: $? = 1
configure: failed program was:
| /* confdefs.h */
| #define PACKAGE_NAME "esco"
| #define PACKAGE_TARNAME "esco"
| #define PACKAGE_VERSION "0.513"
| #define PACKAGE_STRING "esco 0.513"
| #define PACKAGE_BUGREPORT "d3fin3@gmail.com"
| #define PACKAGE_URL ""
| #define PACKAGE "esco"
| #define VERSION "0.513"
| #define PACKAGE "esco"
| #define VERSION "0.513"
| /* end confdefs.h.  */
| #include <ac_nonexistent.h>
configure:7465: checking for ANSI C header files
configure:7485: gcc -c -g -O2  conftest.c >&5
configure:7485: $? = 0
configure:7558: gcc -o conftest -g -O2   conftest.c  >&5
configure:7558: $? = 0
configure:7558: ./conftest
configure:7558: $? = 0
configure:7569: result: yes
configure:7582: checking for sys/types.h
configure:7582: gcc -c -g -O2  conftest.c >&5
configure:7582: $? = 0
configure:7582: result: yes
configure:7582: checking for sys/stat.h
configure:7582: gcc -c -g -O2  conftest.c >&5
configure:7582: $? = 0
configure:7582: result: yes
configure:7582: checking for stdlib.h
configure:7582: gcc -c -g -O2  conftest.c >&5
configure:7582: $? = 0
configure:7582: result: yes
configure:7582: checking for string.h
configure:7582: gcc -c -g -O2  conftest.c >&5
configure:7582: $? = 0
configure:7582: result: yes
configure:7582: checking for memory.h
configure:7582: gcc -c -g -O2  conftest.c >&5
configure:7582: $? = 0
configure:7582: result: yes
configure:7582: checking for strings.h
configure:7582: gcc -c -g -O2  conftest.c >&5
configure:7582: $? = 0
configure:7582: result: yes
configure:7582: checking for inttypes.h
configure:7582: gcc -c -g -O2  conftest.c >&5
configure:7582: $? = 0
configure:7582: result: yes
configure:7582: checking for stdint.h
configure:7582: gcc -c -g -O2  conftest.c >&5
configure:7582: $? = 0
configure:7582: result: yes
configure:7582: checking for unistd.h
configure:7582: gcc -c -g -O2  conftest.c >&5
configure:7582: $? = 0
configure:7582: result: yes
configure:7596: checking for dlfcn.h
configure:7596: gcc -c -g -O2  conftest.c >&5
configure:7596: $? = 0
configure:7596: result: yes
configure:7783: checking for objdir
configure:7798: result: .libs
configure:8065: checking if gcc supports -fno-rtti -fno-exceptions
configure:8083: gcc -c -g -O2  -fno-rtti -fno-exceptions conftest.c >&5
configure:8087: $? = 0
configure:8100: result: yes
configure:8410: checking for gcc option to produce PIC
configure:8417: result: -fno-common -DPIC
configure:8425: checking if gcc PIC flag -fno-common -DPIC works
configure:8443: gcc -c -g -O2  -fno-common -DPIC -DPIC conftest.c >&5
configure:8447: $? = 0
configure:8460: result: yes
configure:8489: checking if gcc static flag -static works
configure:8517: result: no
configure:8532: checking if gcc supports -c -o file.o
configure:8553: gcc -c -g -O2  -o out/conftest2.o conftest.c >&5
configure:8557: $? = 0
configure:8579: result: yes
configure:8587: checking if gcc supports -c -o file.o
configure:8634: result: yes
configure:8667: checking whether the gcc linker (/Applications/Xcode.app/Contents/Developer/Toolchains/XcodeDefault.xctoolchain/usr/bin/ld) supports shared libraries
configure:9825: result: yes
configure:10070: checking dynamic linker characteristics
configure:10819: result: darwin14.5.0 dyld
configure:10926: checking how to hardcode library paths into programs
configure:10951: result: immediate
configure:11491: checking whether stripping libraries is possible
configure:11505: result: yes
configure:11531: checking if libtool supports shared libraries
configure:11533: result: yes
configure:11536: checking whether to build shared libraries
configure:11557: result: yes
configure:11560: checking whether to build static libraries
configure:11564: result: yes
configure:11601: checking for esco
configure:11634: result: no
configure:11698: checking for g++
configure:11714: found /usr/bin/g++
configure:11725: result: g++
configure:11752: checking for C++ compiler version
configure:11761: g++ --version >&5
Apple LLVM version 7.0.0 (clang-700.1.76)
Target: x86_64-apple-darwin14.5.0
Thread model: posix
Configured with: --prefix=/Applications/Xcode.app/Contents/Developer/usr --with-gxx-include-dir=/usr/include/c++/4.2.1
configure:11772: $? = 0
configure:11761: g++ -v >&5
Configured with: --prefix=/Applications/Xcode.app/Contents/Developer/usr --with-gxx-include-dir=/usr/include/c++/4.2.1
Apple LLVM version 7.0.0 (clang-700.1.76)
Target: x86_64-apple-darwin14.5.0
Thread model: posix
configure:11772: $? = 0
configure:11761: g++ -V >&5
clang: error: argument to '-V' is missing (expected 1 value)
clang: error: no input files
configure:11772: $? = 1
configure:11761: g++ -qversion >&5
clang: error: unknown argument: '-qversion'
clang: error: no input files
configure:11772: $? = 1
configure:11776: checking whether we are using the GNU C++ compiler
configure:11795: g++ -c   conftest.cpp >&5
configure:11795: $? = 0
configure:11804: result: yes
configure:11813: checking whether g++ accepts -g
configure:11833: g++ -c -g  conftest.cpp >&5
configure:11833: $? = 0
configure:11874: result: yes
configure:11899: checking dependency style of g++
configure:12009: result: gcc3
configure:12026: checking dependency style of g++
configure:12136: result: gcc3
configure:12169: checking how to run the C++ preprocessor
configure:12196: g++ -E  conftest.cpp
configure:12196: $? = 0
configure:12210: g++ -E  conftest.cpp
conftest.cpp:25:10: fatal error: 'ac_nonexistent.h' file not found
#include <ac_nonexistent.h>
         ^
1 error generated.
configure:12210: $? = 1
configure: failed program was:
| /* confdefs.h */
| #define PACKAGE_NAME "esco"
| #define PACKAGE_TARNAME "esco"
| #define PACKAGE_VERSION "0.513"
| #define PACKAGE_STRING "esco 0.513"
| #define PACKAGE_BUGREPORT "d3fin3@gmail.com"
| #define PACKAGE_URL ""
| #define PACKAGE "esco"
| #define VERSION "0.513"
| #define PACKAGE "esco"
| #define VERSION "0.513"
| #define STDC_HEADERS 1
| #define HAVE_SYS_TYPES_H 1
| #define HAVE_SYS_STAT_H 1
| #define HAVE_STDLIB_H 1
| #define HAVE_STRING_H 1
| #define HAVE_MEMORY_H 1
| #define HAVE_STRINGS_H 1
| #define HAVE_INTTYPES_H 1
| #define HAVE_STDINT_H 1
| #define HAVE_UNISTD_H 1
| #define HAVE_DLFCN_H 1
| #define LT_OBJDIR ".libs/"
| /* end confdefs.h.  */
| #include <ac_nonexistent.h>
configure:12235: result: g++ -E
configure:12255: g++ -E  conftest.cpp
configure:12255: $? = 0
configure:12269: g++ -E  conftest.cpp
conftest.cpp:25:10: fatal error: 'ac_nonexistent.h' file not found
#include <ac_nonexistent.h>
         ^
1 error generated.
configure:12269: $? = 1
configure: failed program was:
| /* confdefs.h */
| #define PACKAGE_NAME "esco"
| #define PACKAGE_TARNAME "esco"
| #define PACKAGE_VERSION "0.513"
| #define PACKAGE_STRING "esco 0.513"
| #define PACKAGE_BUGREPORT "d3fin3@gmail.com"
| #define PACKAGE_URL ""
| #define PACKAGE "esco"
| #define VERSION "0.513"
| #define PACKAGE "esco"
| #define VERSION "0.513"
| #define STDC_HEADERS 1
| #define HAVE_SYS_TYPES_H 1
| #define HAVE_SYS_STAT_H 1
| #define HAVE_STDLIB_H 1
| #define HAVE_STRING_H 1
| #define HAVE_MEMORY_H 1
| #define HAVE_STRINGS_H 1
| #define HAVE_INTTYPES_H 1
| #define HAVE_STDINT_H 1
| #define HAVE_UNISTD_H 1
| #define HAVE_DLFCN_H 1
| #define LT_OBJDIR ".libs/"
| /* end confdefs.h.  */
| #include <ac_nonexistent.h>
configure:12439: checking for ld used by g++
configure:12506: result: /Applications/Xcode.app/Contents/Developer/Toolchains/XcodeDefault.xctoolchain/usr/bin/ld
configure:12513: checking if the linker (/Applications/Xcode.app/Contents/Developer/Toolchains/XcodeDefault.xctoolchain/usr/bin/ld) is GNU ld
configure:12528: result: no
configure:12583: checking whether the g++ linker (/Applications/Xcode.app/Contents/Developer/Toolchains/XcodeDefault.xctoolchain/usr/bin/ld) supports shared libraries
configure:13587: result: yes
configure:13622: g++ -c -g -O2  conftest.cpp >&5
configure:13625: $? = 0
configure:14145: checking for g++ option to produce PIC
configure:14152: result: -fno-common -DPIC
configure:14160: checking if g++ PIC flag -fno-common -DPIC works
configure:14178: g++ -c -g -O2  -fno-common -DPIC -DPIC conftest.cpp >&5
configure:14182: $? = 0
configure:14195: result: yes
configure:14218: checking if g++ static flag -static works
configure:14246: result: no
configure:14258: checking if g++ supports -c -o file.o
configure:14279: g++ -c -g -O2  -o out/conftest2.o conftest.cpp >&5
configure:14283: $? = 0
configure:14305: result: yes
configure:14310: checking if g++ supports -c -o file.o
configure:14357: result: yes
configure:14387: checking whether the g++ linker (/Applications/Xcode.app/Contents/Developer/Toolchains/XcodeDefault.xctoolchain/usr/bin/ld) supports shared libraries
configure:14421: result: yes
configure:14564: checking dynamic linker characteristics
configure:15247: result: darwin14.5.0 dyld
configure:15300: checking how to hardcode library paths into programs
configure:15325: result: immediate
configure:15369: checking for gawk
configure:15396: result: gawk
configure:15455: checking for gcc
configure:15482: result: gcc
configure:15711: checking for C compiler version
configure:15720: gcc --version >&5
Apple LLVM version 7.0.0 (clang-700.1.76)
Target: x86_64-apple-darwin14.5.0
Thread model: posix
Configured with: --prefix=/Applications/Xcode.app/Contents/Developer/usr --with-gxx-include-dir=/usr/include/c++/4.2.1
configure:15731: $? = 0
configure:15720: gcc -v >&5
Configured with: --prefix=/Applications/Xcode.app/Contents/Developer/usr --with-gxx-include-dir=/usr/include/c++/4.2.1
Apple LLVM version 7.0.0 (clang-700.1.76)
Target: x86_64-apple-darwin14.5.0
Thread model: posix
configure:15731: $? = 0
configure:15720: gcc -V >&5
clang: error: argument to '-V' is missing (expected 1 value)
clang: error: no input files
configure:15731: $? = 1
configure:15720: gcc -qversion >&5
clang: error: unknown argument: '-qversion'
clang: error: no input files
configure:15731: $? = 1
configure:15735: checking whether we are using the GNU C compiler
configure:15763: result: yes
configure:15772: checking whether gcc accepts -g
configure:15833: result: yes
configure:15850: checking for gcc option to accept ISO C89
configure:15926: result: none needed
configure:15948: checking dependency style of gcc
configure:16058: result: gcc3
configure:16075: checking dependency style of gcc
configure:16185: result: gcc3
configure:16205: checking how to run the C preprocessor
configure:16275: result: gcc -E
configure:16295: gcc -E  conftest.c
configure:16295: $? = 0
configure:16309: gcc -E  conftest.c
conftest.c:25:10: fatal error: 'ac_nonexistent.h' file not found
#include <ac_nonexistent.h>
         ^
1 error generated.
configure:16309: $? = 1
configure: failed program was:
| /* confdefs.h */
| #define PACKAGE_NAME "esco"
| #define PACKAGE_TARNAME "esco"
| #define PACKAGE_VERSION "0.513"
| #define PACKAGE_STRING "esco 0.513"
| #define PACKAGE_BUGREPORT "d3fin3@gmail.com"
| #define PACKAGE_URL ""
| #define PACKAGE "esco"
| #define VERSION "0.513"
| #define PACKAGE "esco"
| #define VERSION "0.513"
| #define STDC_HEADERS 1
| #define HAVE_SYS_TYPES_H 1
| #define HAVE_SYS_STAT_H 1
| #define HAVE_STDLIB_H 1
| #define HAVE_STRING_H 1
| #define HAVE_MEMORY_H 1
| #define HAVE_STRINGS_H 1
| #define HAVE_INTTYPES_H 1
| #define HAVE_STDINT_H 1
| #define HAVE_UNISTD_H 1
| #define HAVE_DLFCN_H 1
| #define LT_OBJDIR ".libs/"
| /* end confdefs.h.  */
| #include <ac_nonexistent.h>
configure:16338: checking whether ln -s works
configure:16342: result: yes
configure:16349: checking whether make sets $(MAKE)
configure:16371: result: yes
configure:16423: checking for ranlib
configure:16450: result: ranlib
configure:16480: checking for getopt_long
configure:16480: gcc -o conftest -g -O2   conftest.c  >&5
configure:16480: $? = 0
configure:16480: result: yes
configure:16505: checking for ANSI C header files
configure:16609: result: yes
configure:16619: checking for string.h
configure:16619: result: yes
configure:16630: checking for stdbool.h that conforms to C99
configure:16697: gcc -c -g -O2  conftest.c >&5
conftest.c:78:24: warning: address of 's' will always evaluate to 'true' [-Wpointer-bool-conversion]
             bool e = &s;
                  ~    ^
conftest.c:82:23: warning: address of array 'a' will always evaluate to 'true' [-Wpointer-bool-conversion]
             return (!a + !b + !c + !d + !e + !f + !g + !h + !i + !!j + !k + !!l
                     ~^
conftest.c:82:28: warning: address of array 'b' will always evaluate to 'true' [-Wpointer-bool-conversion]
             return (!a + !b + !c + !d + !e + !f + !g + !h + !i + !!j + !k + !!l
                          ~^
conftest.c:82:33: warning: address of array 'c' will always evaluate to 'true' [-Wpointer-bool-conversion]
             return (!a + !b + !c + !d + !e + !f + !g + !h + !i + !!j + !k + !!l
                               ~^
conftest.c:82:38: warning: address of array 'd' will always evaluate to 'true' [-Wpointer-bool-conversion]
             return (!a + !b + !c + !d + !e + !f + !g + !h + !i + !!j + !k + !!l
                                    ~^
conftest.c:82:48: warning: address of array 'f' will always evaluate to 'true' [-Wpointer-bool-conversion]
             return (!a + !b + !c + !d + !e + !f + !g + !h + !i + !!j + !k + !!l
                                              ~^
conftest.c:82:53: warning: address of array 'g' will always evaluate to 'true' [-Wpointer-bool-conversion]
             return (!a + !b + !c + !d + !e + !f + !g + !h + !i + !!j + !k + !!l
                                                   ~^
conftest.c:82:58: warning: address of array 'h' will always evaluate to 'true' [-Wpointer-bool-conversion]
             return (!a + !b + !c + !d + !e + !f + !g + !h + !i + !!j + !k + !!l
                                                        ~^
conftest.c:82:63: warning: address of array 'i' will always evaluate to 'true' [-Wpointer-bool-conversion]
             return (!a + !b + !c + !d + !e + !f + !g + !h + !i + !!j + !k + !!l
                                                             ~^
conftest.c:83:30: warning: address of array 'n' will always evaluate to 'true' [-Wpointer-bool-conversion]
                            ~^
conftest.c:83:35: warning: address of array 'o' will always evaluate to 'true' [-Wpointer-bool-conversion]
                                 ~^
conftest.c:83:40: warning: address of array 'p' will always evaluate to 'true' [-Wpointer-bool-conversion]
                                      ~^
12 warnings generated.
configure:16697: $? = 0
configure:16704: result: yes
configure:16706: checking for _Bool
configure:16706: gcc -c -g -O2  conftest.c >&5
configure:16706: $? = 0
configure:16706: gcc -c -g -O2  conftest.c >&5
conftest.c:65:20: error: expected expression
if (sizeof ((_Bool)))
                   ^
1 error generated.
configure:16706: $? = 1
configure: failed program was:
| /* confdefs.h */
| #define PACKAGE_NAME "esco"
| #define PACKAGE_TARNAME "esco"
| #define PACKAGE_VERSION "0.513"
| #define PACKAGE_STRING "esco 0.513"
| #define PACKAGE_BUGREPORT "d3fin3@gmail.com"
| #define PACKAGE_URL ""
| #define PACKAGE "esco"
| #define VERSION "0.513"
| #define PACKAGE "esco"
| #define VERSION "0.513"
| #define STDC_HEADERS 1
| #define HAVE_SYS_TYPES_H 1
| #define HAVE_SYS_STAT_H 1
| #define HAVE_STDLIB_H 1
| #define HAVE_STRING_H 1
| #define HAVE_MEMORY_H 1
| #define HAVE_STRINGS_H 1
| #define HAVE_INTTYPES_H 1
| #define HAVE_STDINT_H 1
| #define HAVE_UNISTD_H 1
| #define HAVE_DLFCN_H 1
| #define LT_OBJDIR ".libs/"
| #define CC_HAS_PROTOS 1
| #define HAVE_GETOPT_LONG 1
| #define STDC_HEADERS 1
| #define HAVE_STRING_H 1
| /* end confdefs.h.  */
| #include <stdio.h>
| #ifdef HAVE_SYS_TYPES_H
| # include <sys/types.h>
| #endif
| #ifdef HAVE_SYS_STAT_H
| # include <sys/stat.h>
| #endif
| #ifdef STDC_HEADERS
| # include <stdlib.h>
| # include <stddef.h>
| #else
| # ifdef HAVE_STDLIB_H
| #  include <stdlib.h>
| # endif
| #endif
| #ifdef HAVE_STRING_H
| # if !defined STDC_HEADERS && defined HAVE_MEMORY_H
| #  include <memory.h>
| # endif
| # include <string.h>
| #endif
| #ifdef HAVE_STRINGS_H
| # include <strings.h>
| #endif
| #ifdef HAVE_INTTYPES_H
| # include <inttypes.h>
| #endif
| #ifdef HAVE_STDINT_H
| # include <stdint.h>
| #endif
| #ifdef HAVE_UNISTD_H
| # include <unistd.h>
| #endif
| int
| main ()
| {
| if (sizeof ((_Bool)))
| 	    return 0;
|   ;
|   return 0;
| }
configure:16706: result: yes
configure:16723: checking for an ANSI C-conforming const
configure:16789: gcc -c -g -O2  conftest.c >&5
configure:16789: $? = 0
configure:16796: result: yes
configure:16804: checking for inline
configure:16820: gcc -c -g -O2  conftest.c >&5
configure:16820: $? = 0
configure:16828: result: inline
configure:16850: checking for memset
configure:16850: gcc -o conftest -g -O2   conftest.c  >&5
conftest.c:54:6: warning: incompatible redeclaration of library function 'memset' [-Wincompatible-library-redeclaration]
char memset ();
     ^
conftest.c:54:6: note: 'memset' is a builtin with type 'void *(void *, int, unsigned long)'
1 warning generated.
configure:16850: $? = 0
configure:16850: result: yes
configure:16850: checking for strchr
configure:16850: gcc -o conftest -g -O2   conftest.c  >&5
conftest.c:55:6: warning: incompatible redeclaration of library function 'strchr' [-Wincompatible-library-redeclaration]
char strchr ();
     ^
conftest.c:55:6: note: 'strchr' is a builtin with type 'char *(const char *, int)'
1 warning generated.
configure:16850: $? = 0
configure:16850: result: yes
configure:16991: checking GMP library
configure:16993: result: yes
configure:17012: checking for __gmpz_init in -l"gmp"
configure:17037: gcc -o conftest -g -O2   conftest.c -lgmp   >&5
configure:17037: $? = 0
configure:17047: result: yes
configure:17248: creating ./config.status

## ---------------------- ##
## Running config.status. ##
## ---------------------- ##

This file was extended by esco config.status 0.513, which was
generated by GNU Autoconf 2.69.  Invocation command line was

  CONFIG_FILES    = 
  CONFIG_HEADERS  = 
  CONFIG_LINKS    = 
  CONFIG_COMMANDS = 
  $ ./config.status 

on Matts-iMac.local

config.status:1163: creating Makefile
config.status:1163: creating docs/Makefile
config.status:1163: creating src/Makefile
config.status:1163: creating config.h
config.status:1344: config.h is unchanged
config.status:1392: executing depfiles commands
config.status:1392: executing libtool commands

## ---------------- ##
## Cache variables. ##
## ---------------- ##

ac_cv_build=x86_64-apple-darwin14.5.0
ac_cv_c_compiler_gnu=yes
ac_cv_c_const=yes
ac_cv_c_inline=inline
ac_cv_cxx_compiler_gnu=yes
ac_cv_env_CCC_set=
ac_cv_env_CCC_value=
ac_cv_env_CC_set=
ac_cv_env_CC_value=
ac_cv_env_CFLAGS_set=
ac_cv_env_CFLAGS_value=
ac_cv_env_CPPFLAGS_set=
ac_cv_env_CPPFLAGS_value=
ac_cv_env_CPP_set=
ac_cv_env_CPP_value=
ac_cv_env_CXXCPP_set=
ac_cv_env_CXXCPP_value=
ac_cv_env_CXXFLAGS_set=
ac_cv_env_CXXFLAGS_value=
ac_cv_env_CXX_set=
ac_cv_env_CXX_value=
ac_cv_env_LDFLAGS_set=
ac_cv_env_LDFLAGS_value=
ac_cv_env_LIBS_set=
ac_cv_env_LIBS_value=
ac_cv_env_build_alias_set=
ac_cv_env_build_alias_value=
ac_cv_env_host_alias_set=
ac_cv_env_host_alias_value=
ac_cv_env_target_alias_set=
ac_cv_env_target_alias_value=
ac_cv_func_getopt_long=yes
ac_cv_func_memset=yes
ac_cv_func_strchr=yes
ac_cv_header_dlfcn_h=yes
ac_cv_header_inttypes_h=yes
ac_cv_header_memory_h=yes
ac_cv_header_stdbool_h=yes
ac_cv_header_stdc=yes
ac_cv_header_stdint_h=yes
ac_cv_header_stdlib_h=yes
ac_cv_header_string_h=yes
ac_cv_header_strings_h=yes
ac_cv_header_sys_stat_h=yes
ac_cv_header_sys_types_h=yes
ac_cv_header_unistd_h=yes
ac_cv_host=x86_64-apple-darwin14.5.0
ac_cv_lib_gmp_____gmpz_init=yes
ac_cv_objext=o
ac_cv_path_EGREP='/usr/bin/grep -E'
ac_cv_path_FGREP='/usr/bin/grep -F'
ac_cv_path_GREP=/usr/bin/grep
ac_cv_path_SED=/usr/local/bin/gsed
ac_cv_path_install='/usr/local/bin/ginstall -c'
ac_cv_path_mkdir=/usr/local/bin/gmkdir
ac_cv_prog_AWK=gawk
ac_cv_prog_CPP='gcc -E'
ac_cv_prog_CXXCPP='g++ -E'
ac_cv_prog_ac_ct_AR=ar
ac_cv_prog_ac_ct_CC=gcc
ac_cv_prog_ac_ct_CXX=g++
ac_cv_prog_ac_ct_DSYMUTIL=dsymutil
ac_cv_prog_ac_ct_LIPO=lipo
ac_cv_prog_ac_ct_NMEDIT=nmedit
ac_cv_prog_ac_ct_OTOOL=otool
ac_cv_prog_ac_ct_RANLIB=ranlib
ac_cv_prog_ac_ct_STRIP=strip
ac_cv_prog_cc_c89=
ac_cv_prog_cc_g=yes
ac_cv_prog_cxx_g=yes
ac_cv_prog_make_make_set=yes
ac_cv_type__Bool=yes
am_cv_CC_dependencies_compiler_type=gcc3
am_cv_CXX_dependencies_compiler_type=gcc3
lt_cv_apple_cc_single_mod=yes
lt_cv_ar_at_file=no
lt_cv_deplibs_check_method=pass_all
lt_cv_file_magic_cmd='$MAGIC_CMD'
lt_cv_file_magic_test_file=
lt_cv_ld_exported_symbols_list=yes
lt_cv_ld_force_load=no
lt_cv_ld_reload_flag=-r
lt_cv_nm_interface='BSD nm'
lt_cv_objdir=.libs
lt_cv_path_LD=/Applications/Xcode.app/Contents/Developer/Toolchains/XcodeDefault.xctoolchain/usr/bin/ld
lt_cv_path_LDCXX=/Applications/Xcode.app/Contents/Developer/Toolchains/XcodeDefault.xctoolchain/usr/bin/ld
lt_cv_path_NM=/usr/bin/nm
lt_cv_path_mainfest_tool=no
lt_cv_prog_compiler_c_o=yes
lt_cv_prog_compiler_c_o_CXX=yes
lt_cv_prog_compiler_pic='-fno-common -DPIC'
lt_cv_prog_compiler_pic_CXX='-fno-common -DPIC'
lt_cv_prog_compiler_pic_works=yes
lt_cv_prog_compiler_pic_works_CXX=yes
lt_cv_prog_compiler_rtti_exceptions=yes
lt_cv_prog_compiler_static_works=no
lt_cv_prog_compiler_static_works_CXX=no
lt_cv_prog_gnu_ld=no
lt_cv_prog_gnu_ldcxx=no
lt_cv_sharedlib_from_linklib_cmd='printf %s\n'
lt_cv_sys_global_symbol_pipe='sed -n -e '\''s/^.*[	 ]\([BCDEGRST][BCDEGRST]*\)[	 ][	 ]*_\([_A-Za-z][_A-Za-z0-9]*\)$/\1 _\2 \2/p'\'' | sed '\''/ __gnu_lto/d'\'''
lt_cv_sys_global_symbol_to_c_name_address='sed -n -e '\''s/^: \([^ ]*\)[ ]*$/  {\"\1\", (void *) 0},/p'\'' -e '\''s/^[BCDEGRST]* \([^ ]*\) \([^ ]*\)$/  {"\2", (void *) \&\2},/p'\'''
lt_cv_sys_global_symbol_to_c_name_address_lib_prefix='sed -n -e '\''s/^: \([^ ]*\)[ ]*$/  {\"\1\", (void *) 0},/p'\'' -e '\''s/^[BCDEGRST]* \([^ ]*\) \(lib[^ ]*\)$/  {"\2", (void *) \&\2},/p'\'' -e '\''s/^[BCDEGRST]* \([^ ]*\) \([^ ]*\)$/  {"lib\2", (void *) \&\2},/p'\'''
lt_cv_sys_global_symbol_to_cdecl='sed -n -e '\''s/^T .* \(.*\)$/extern int \1();/p'\'' -e '\''s/^[BCDEGRST]* .* \(.*\)$/extern char \1;/p'\'''
lt_cv_sys_max_cmd_len=196608
lt_cv_to_host_file_cmd=func_convert_file_noop
lt_cv_to_tool_file_cmd=func_convert_file_noop

## ----------------- ##
## Output variables. ##
## ----------------- ##

ACLOCAL='${SHELL} /Users/matt/Downloads/esco-0.513/missing --run aclocal-1.10'
AMDEPBACKSLASH='\'
AMDEP_FALSE='#'
AMDEP_TRUE=''
AMTAR='${SHELL} /Users/matt/Downloads/esco-0.513/missing --run tar'
AR='ar'
AUTOCONF='${SHELL} /Users/matt/Downloads/esco-0.513/missing --run autoconf'
AUTOHEADER='${SHELL} /Users/matt/Downloads/esco-0.513/missing --run autoheader'
AUTOMAKE='${SHELL} /Users/matt/Downloads/esco-0.513/missing --run automake-1.10'
AWK='gawk'
CC='gcc'
CCDEPMODE='depmode=gcc3'
CFLAGS='-g -O2'
CPP='gcc -E'
CPPFLAGS=' -Wall'
CXX='g++'
CXXCPP='g++ -E'
CXXDEPMODE='depmode=gcc3'
CXXFLAGS='-g -O2'
CYGPATH_W='echo'
DEFS='-DHAVE_CONFIG_H'
DEPDIR='.deps'
DLLTOOL='false'
DSYMUTIL='dsymutil'
DUMPBIN=''
ECHO_C='\c'
ECHO_N=''
ECHO_T=''
EGREP='/usr/bin/grep -E'
ENABLE_BEFUNGE_FALSE='#'
ENABLE_BEFUNGE_TRUE=''
ENABLE_BRAINFUCK_FALSE='#'
ENABLE_BRAINFUCK_TRUE=''
ENABLE_BYTER_FALSE='#'
ENABLE_BYTER_TRUE=''
ENABLE_HQ9_FALSE='#'
ENABLE_HQ9_TRUE=''
ENABLE_WHITESPACE_FALSE='#'
ENABLE_WHITESPACE_TRUE=''
EXEEXT=''
FGREP='/usr/bin/grep -F'
GREP='/usr/bin/grep'
INSTALL_DATA='${INSTALL} -m 644'
INSTALL_PROGRAM='${INSTALL}'
INSTALL_SCRIPT='${INSTALL}'
INSTALL_STRIP_PROGRAM='$(install_sh) -c -s'
LD='/Applications/Xcode.app/Contents/Developer/Toolchains/XcodeDefault.xctoolchain/usr/bin/ld'
LDFLAGS=''
LIBOBJS=''
LIBS='-lgmp '
LIBTOOL='$(SHELL) $(top_builddir)/libtool'
LIPO='lipo'
LN_S='ln -s'
LTLIBOBJS=''
MAKEINFO='${SHELL} /Users/matt/Downloads/esco-0.513/missing --run makeinfo'
MANIFEST_TOOL=':'
MKDIR_P='/usr/local/bin/gmkdir -p'
NM='/usr/bin/nm'
NMEDIT='nmedit'
OBJDUMP='false'
OBJEXT='o'
OTOOL64=':'
OTOOL='otool'
PACKAGE='esco'
PACKAGE_BUGREPORT='d3fin3@gmail.com'
PACKAGE_NAME='esco'
PACKAGE_STRING='esco 0.513'
PACKAGE_TARNAME='esco'
PACKAGE_URL=''
PACKAGE_VERSION='0.513'
PATH_SEPARATOR=':'
RANLIB='ranlib'
SED='/usr/local/bin/gsed'
SET_MAKE=''
SHELL='/bin/sh'
STRIP='strip'
VERSION='0.513'
ac_ct_AR='ar'
ac_ct_CC='gcc'
ac_ct_CXX='g++'
ac_ct_DUMPBIN=''
am__fastdepCC_FALSE='#'
am__fastdepCC_TRUE=''
am__fastdepCXX_FALSE='#'
am__fastdepCXX_TRUE=''
am__include='include'
am__isrc=''
am__leading_dot='.'
am__quote=''
am__tar='${AMTAR} chof - "$$tardir"'
am__untar='${AMTAR} xf -'
bindir='${exec_prefix}/bin'
build='x86_64-apple-darwin14.5.0'
build_alias=''
build_cpu='x86_64'
build_os='darwin14.5.0'
build_vendor='apple'
datadir='${datarootdir}'
datarootdir='${prefix}/share'
docdir='${datarootdir}/doc/${PACKAGE_TARNAME}'
dvidir='${docdir}'
escopath=''
exec_prefix='${prefix}'
host='x86_64-apple-darwin14.5.0'
host_alias=''
host_cpu='x86_64'
host_os='darwin14.5.0'
host_vendor='apple'
htmldir='${docdir}'
includedir='${prefix}/include'
infodir='${datarootdir}/info'
install_sh='$(SHELL) /Users/matt/Downloads/esco-0.513/install-sh'
libdir='${exec_prefix}/lib'
libexecdir='${exec_prefix}/libexec'
localedir='${datarootdir}/locale'
localstatedir='${prefix}/var'
mandir='${datarootdir}/man'
mkdir_p='/usr/local/bin/gmkdir -p'
oldincludedir='/usr/include'
pdfdir='${docdir}'
prefix='/usr/local'
program_transform_name='s,x,x,'
psdir='${docdir}'
sbindir='${exec_prefix}/sbin'
sharedstatedir='${prefix}/com'
sysconfdir='${prefix}/etc'
target_alias=''

## ----------- ##
## confdefs.h. ##
## ----------- ##

/* confdefs.h */
#define PACKAGE_NAME "esco"
#define PACKAGE_TARNAME "esco"
#define PACKAGE_VERSION "0.513"
#define PACKAGE_STRING "esco 0.513"
#define PACKAGE_BUGREPORT "d3fin3@gmail.com"
#define PACKAGE_URL ""
#define PACKAGE "esco"
#define VERSION "0.513"
#define PACKAGE "esco"
#define VERSION "0.513"
#define STDC_HEADERS 1
#define HAVE_SYS_TYPES_H 1
#define HAVE_SYS_STAT_H 1
#define HAVE_STDLIB_H 1
#define HAVE_STRING_H 1
#define HAVE_MEMORY_H 1
#define HAVE_STRINGS_H 1
#define HAVE_INTTYPES_H 1
#define HAVE_STDINT_H 1
#define HAVE_UNISTD_H 1
#define HAVE_DLFCN_H 1
#define LT_OBJDIR ".libs/"
#define CC_HAS_PROTOS 1
#define HAVE_GETOPT_LONG 1
#define STDC_HEADERS 1
#define HAVE_STRING_H 1
#define HAVE__BOOL 1
#define HAVE_STDBOOL_H 1
#define HAVE_MEMSET 1
#define HAVE_STRCHR 1
#define ENABLE_BRAINFUCK 1
#define ENABLE_HQ9 1
#define ENABLE_WHITESPACE 1
#define HAVE_LIBGMP 1
#define ENABLE_BEFUNGE 1
#define ENABLE_BYTER 1

configure: exit 0
